<?xml version="1.0" encoding="UTF-8"?>
<testng-results skipped="0" failed="0" ignored="0" total="1" passed="1">
  <reporter-output>
  </reporter-output>
  <suite name="Default suite" duration-ms="60024" started-at="2020-05-19T17:03:21 IST" finished-at="2020-05-19T17:04:21 IST">
    <groups>
    </groups>
    <test name="Default test" duration-ms="60024" started-at="2020-05-19T17:03:21 IST" finished-at="2020-05-19T17:04:21 IST">
      <class name="com.Mobile">
        <test-method status="PASS" signature="main()[pri:0, instance:com.Mobile@3891771e]" name="main" duration-ms="59993" started-at="2020-05-19T17:03:21 IST" finished-at="2020-05-19T17:04:21 IST">
          <reporter-output>
          </reporter-output>
        </test-method> <!-- main -->
      </class> <!-- com.Mobile -->
    </test> <!-- Default test -->
  </suite> <!-- Default suite -->
</testng-results>
