<?xml version="1.0" encoding="UTF-8"?>
<testng-results skipped="0" failed="0" ignored="0" total="1" passed="1">
  <reporter-output>
  </reporter-output>
  <suite name="Default suite" duration-ms="3339" started-at="2020-05-17T16:10:29 IST" finished-at="2020-05-17T16:10:33 IST">
    <groups>
    </groups>
    <test name="Default test" duration-ms="3339" started-at="2020-05-17T16:10:29 IST" finished-at="2020-05-17T16:10:33 IST">
      <class name="com.Create">
        <test-method status="PASS" signature="NodeCreate()[pri:0, instance:com.Create@c81cdd1]" name="NodeCreate" duration-ms="3307" started-at="2020-05-17T16:10:30 IST" finished-at="2020-05-17T16:10:33 IST">
          <reporter-output>
          </reporter-output>
        </test-method> <!-- NodeCreate -->
      </class> <!-- com.Create -->
    </test> <!-- Default test -->
  </suite> <!-- Default suite -->
</testng-results>
